Satellite log, Peter Alfeld

 data.dat:

pi = 3.141592653589793
c = 2.99792458E8
R = 6367444.5
s = 86164.09
u[0][0]  = 1.0
u[0][1]  = 0.0
u[0][2]  = 0.0
v[0][0]  = 0.0
v[0][1]  = 0.5735764363510462
v[0][2]  = 0.8191520442889918
period[0] = 43082.045
altitude[0] = 2.02E7
phase[0] = 0.0
u[1][0]  = 1.0
u[1][1]  = 0.0
u[1][2]  = 0.0
v[1][0]  = 0.0
v[1][1]  = 0.5735764363510462
v[1][2]  = 0.8191520442889918
period[1] = 43082.045
altitude[1] = 2.02E7
phase[1] = 1.5707963267948966
u[2][0]  = 1.0
u[2][1]  = 0.0
u[2][2]  = 0.0
v[2][0]  = 0.0
v[2][1]  = 0.5735764363510462
v[2][2]  = 0.8191520442889918
period[2] = 43082.045
altitude[2] = 2.02E7
phase[2] = 3.141592653589793
u[3][0]  = 1.0
u[3][1]  = 0.0
u[3][2]  = 0.0
v[3][0]  = 0.0
v[3][1]  = 0.5735764363510462
v[3][2]  = 0.8191520442889918
period[3] = 43082.045
altitude[3] = 2.02E7
phase[3] = 4.71238898038469
u[4][0]  = 0.5
u[4][1]  = 0.8660254037844386
u[4][2]  = 0.0
v[4][0]  = -0.4967317648921541
v[4][1]  = 0.2867882181755231
v[4][2]  = 0.8191520442889918
period[4] = 43082.045
altitude[4] = 2.02E7
phase[4] = 1.0
u[5][0]  = 0.5
u[5][1]  = 0.8660254037844386
u[5][2]  = 0.0
v[5][0]  = -0.4967317648921541
v[5][1]  = 0.2867882181755231
v[5][2]  = 0.8191520442889918
period[5] = 43082.045
altitude[5] = 2.02E7
phase[5] = 2.5707963267948966
u[6][0]  = 0.5
u[6][1]  = 0.8660254037844386
u[6][2]  = 0.0
v[6][0]  = -0.4967317648921541
v[6][1]  = 0.2867882181755231
v[6][2]  = 0.8191520442889918
period[6] = 43082.045
altitude[6] = 2.02E7
phase[6] = 4.141592653589793
u[7][0]  = 0.5
u[7][1]  = 0.8660254037844386
u[7][2]  = 0.0
v[7][0]  = -0.4967317648921541
v[7][1]  = 0.2867882181755231
v[7][2]  = 0.8191520442889918
period[7] = 43082.045
altitude[7] = 2.02E7
phase[7] = 5.71238898038469
u[8][0]  = -0.4999999999999999
u[8][1]  = 0.8660254037844386
u[8][2]  = 0.0
v[8][0]  = -0.4967317648921541
v[8][1]  = -0.286788218175523
v[8][2]  = 0.8191520442889918
period[8] = 43082.045
altitude[8] = 2.02E7
phase[8] = 2.0
u[9][0]  = -0.4999999999999999
u[9][1]  = 0.8660254037844386
u[9][2]  = 0.0
v[9][0]  = -0.4967317648921541
v[9][1]  = -0.286788218175523
v[9][2]  = 0.8191520442889918
period[9] = 43082.045
altitude[9] = 2.02E7
phase[9] = 3.5707963267948966
u[10][0]  = -0.4999999999999999
u[10][1]  = 0.8660254037844386
u[10][2]  = 0.0
v[10][0]  = -0.4967317648921541
v[10][1]  = -0.286788218175523
v[10][2]  = 0.8191520442889918
period[10] = 43082.045
altitude[10] = 2.02E7
phase[10] = 5.141592653589793
u[11][0]  = -0.4999999999999999
u[11][1]  = 0.8660254037844386
u[11][2]  = 0.0
v[11][0]  = -0.4967317648921541
v[11][1]  = -0.286788218175523
v[11][2]  = 0.8191520442889918
period[11] = 43082.045
altitude[11] = 2.02E7
phase[11] = 6.71238898038469
u[12][0]  = -0.9999999999999998
u[12][1]  = 1.1102230246251565E-16
u[12][2]  = 0.0
v[12][0]  = -5.551115123125783E-17
v[12][1]  = -0.573576436351046
v[12][2]  = 0.8191520442889918
period[12] = 43082.045
altitude[12] = 2.02E7
phase[12] = 3.0
u[13][0]  = -0.9999999999999998
u[13][1]  = 1.1102230246251565E-16
u[13][2]  = 0.0
v[13][0]  = -5.551115123125783E-17
v[13][1]  = -0.573576436351046
v[13][2]  = 0.8191520442889918
period[13] = 43082.045
altitude[13] = 2.02E7
phase[13] = 4.570796326794897
u[14][0]  = -0.9999999999999998
u[14][1]  = 1.1102230246251565E-16
u[14][2]  = 0.0
v[14][0]  = -5.551115123125783E-17
v[14][1]  = -0.573576436351046
v[14][2]  = 0.8191520442889918
period[14] = 43082.045
altitude[14] = 2.02E7
phase[14] = 6.141592653589793
u[15][0]  = -0.9999999999999998
u[15][1]  = 1.1102230246251565E-16
u[15][2]  = 0.0
v[15][0]  = -5.551115123125783E-17
v[15][1]  = -0.573576436351046
v[15][2]  = 0.8191520442889918
period[15] = 43082.045
altitude[15] = 2.02E7
phase[15] = 7.71238898038469
u[16][0]  = -0.5
u[16][1]  = -0.8660254037844384
u[16][2]  = 0.0
v[16][0]  = 0.496731764892154
v[16][1]  = -0.2867882181755231
v[16][2]  = 0.8191520442889918
period[16] = 43082.045
altitude[16] = 2.02E7
phase[16] = 4.0
u[17][0]  = -0.5
u[17][1]  = -0.8660254037844384
u[17][2]  = 0.0
v[17][0]  = 0.496731764892154
v[17][1]  = -0.2867882181755231
v[17][2]  = 0.8191520442889918
period[17] = 43082.045
altitude[17] = 2.02E7
phase[17] = 5.570796326794897
u[18][0]  = -0.5
u[18][1]  = -0.8660254037844384
u[18][2]  = 0.0
v[18][0]  = 0.496731764892154
v[18][1]  = -0.2867882181755231
v[18][2]  = 0.8191520442889918
period[18] = 43082.045
altitude[18] = 2.02E7
phase[18] = 7.141592653589793
u[19][0]  = -0.5
u[19][1]  = -0.8660254037844384
u[19][2]  = 0.0
v[19][0]  = 0.496731764892154
v[19][1]  = -0.2867882181755231
v[19][2]  = 0.8191520442889918
period[19] = 43082.045
altitude[19] = 2.02E7
phase[19] = 8.71238898038469
u[20][0]  = 0.49999999999999967
u[20][1]  = -0.8660254037844385
u[20][2]  = 0.0
v[20][0]  = 0.49673176489215404
v[20][1]  = 0.2867882181755229
v[20][2]  = 0.8191520442889918
period[20] = 43082.045
altitude[20] = 2.02E7
phase[20] = 5.0
u[21][0]  = 0.49999999999999967
u[21][1]  = -0.8660254037844385
u[21][2]  = 0.0
v[21][0]  = 0.49673176489215404
v[21][1]  = 0.2867882181755229
v[21][2]  = 0.8191520442889918
period[21] = 43082.045
altitude[21] = 2.02E7
phase[21] = 6.570796326794897
u[22][0]  = 0.49999999999999967
u[22][1]  = -0.8660254037844385
u[22][2]  = 0.0
v[22][0]  = 0.49673176489215404
v[22][1]  = 0.2867882181755229
v[22][2]  = 0.8191520442889918
period[22] = 43082.045
altitude[22] = 2.02E7
phase[22] = 8.141592653589793
u[23][0]  = 0.49999999999999967
u[23][1]  = -0.8660254037844385
u[23][2]  = 0.0
v[23][0]  = 0.49673176489215404
v[23][1]  = 0.2867882181755229
v[23][2]  = 0.8191520442889918
period[23] = 43082.045
altitude[23] = 2.02E7
phase[23] = 9.71238898038469

 end data.dat 


 --- epoch = 0
read 12123.0 40 45 55.0 1 111 50 58.0 -1 1372.0 
wrote:
3 12122.917273538935 2.605234313778725E7 2986153.9652697924 4264669.833325115
4 12122.918115974104 -1.718355633086311E7 -1.8640834276186436E7 7941901.319733662
8 12122.91517247339 1.8498279256616846E7 -1.4172390064384513E7 -1.2758766855293432E7
11 12122.929474004011 -2903225.4285143306 -1.9661358537802488E7 1.7630410370147068E7
14 12122.93081680465 1477645.012869009 -1.5214872308462147E7 2.172908956016601E7
15 12122.91559232703 2.6526323652830362E7 847508.5779779141 -1210367.686336006
17 12122.932126735379 4939777.113795485 -1.796566328317718E7 1.893839095916287E7
20 12122.9302901758 1.790346111594521E7 -1.680512822049418E7 1.0143118495964047E7

 --- epoch = 1
read 12124.0 40 45 55.0 1 111 50 58.0 -1 1372.0 
wrote:
3 12123.917274951486 2.605158357529224E7 2988333.2598188072 4267782.188491394
4 12123.91811479538 -1.7182471209298465E7 -1.8643093190170433E7 7938946.196116364
8 12123.915170042981 1.8498702477611426E7 -1.4169522466848126E7 -1.2761337977143275E7
11 12123.929474483639 -2900527.5635450673 -1.9663425257925782E7 1.7628549408265613E7
14 12123.930817706947 1481513.6606823928 -1.5214748538998244E7 2.1728912799052842E7
15 12123.91559038413 2.6526107876559697E7 849727.5371656624 -1213536.6884770312
17 12123.932126911204 4942411.176984259 -1.796329047680593E7 1.8939954441975158E7
20 12123.930291044038 1.7904260819928236E7 -1.680258096219933E7 1.0145926510738155E7
